NetLogo 6.2.2
Thu Apr 13 11:24:47 EDT 2023
Exception in thread "main" java.lang.OutOfMemoryError: GC overhead limit exceeded
	at java.base/java.lang.Double.valueOf(Double.java:632)
	at org.nlogo.agent.Patch.<init>(Patch.java:90)
	at org.nlogo.agent.World2D.createPatches(World.scala:326)
	at org.nlogo.agent.AgentManagement.createPatches(AgentManagement.scala:47)
	at org.nlogo.agent.AgentManagement.createPatches$(AgentManagement.scala:46)
	at org.nlogo.agent.World.createPatches(World.scala:107)
	at org.nlogo.headless.HeadlessWorkspace.setDimensions(HeadlessWorkspace.scala:250)
	at org.nlogo.workspace.WorldLoader.load(WorldLoader.scala:22)
	at org.nlogo.workspace.AbstractWorkspaceScala.loadWorld(AbstractWorkspaceScala.scala:91)
	at org.nlogo.headless.HeadlessModelOpener.openFromModel(HeadlessModelOpener.scala:33)
	at org.nlogo.headless.HeadlessWorkspace.openModel(HeadlessWorkspace.scala:550)
	at org.nlogo.headless.HeadlessWorkspace.open(HeadlessWorkspace.scala:517)
	at org.nlogo.api.Controllable.open(Controllable.scala:19)
	at org.nlogo.headless.Main$.newWorkspace$1(Main.scala:18)
	at org.nlogo.headless.Main$.$anonfun$runExperiment$1(Main.scala:30)
	at org.nlogo.headless.Main$$$Lambda$875/0x0000000801127d18.apply(Unknown Source)
	at org.nlogo.lab.Lab.$anonfun$run$1(Lab.scala:17)
	at org.nlogo.lab.Lab.$anonfun$run$1$adapted(Lab.scala:17)
	at org.nlogo.lab.Lab$$Lambda$876/0x000000080112db70.apply(Unknown Source)
	at scala.collection.TraversableLike.$anonfun$map$1(TraversableLike.scala:286)
	at scala.collection.TraversableLike$$Lambda$37/0x0000000800d7ad08.apply(Unknown Source)
	at scala.collection.immutable.Range.foreach(Range.scala:158)
	at scala.collection.TraversableLike.map(TraversableLike.scala:286)
	at scala.collection.TraversableLike.map$(TraversableLike.scala:279)
	at scala.collection.AbstractTraversable.map(Traversable.scala:108)
	at org.nlogo.lab.Lab.run(Lab.scala:17)
	at org.nlogo.headless.Main$.runExperiment(Main.scala:30)
	at org.nlogo.headless.Main$.$anonfun$main$1(Main.scala:12)
	at org.nlogo.headless.Main$.$anonfun$main$1$adapted(Main.scala:12)
	at org.nlogo.headless.Main$$$Lambda$7/0x0000000800cb62a8.apply(Unknown Source)
	at scala.Option.foreach(Option.scala:407)
	at org.nlogo.headless.Main$.main(Main.scala:12)
slurmstepd: error: *** JOB 5373 ON moose1 CANCELLED AT 2023-04-13T11:28:05 ***
