NetLogo 6.2.2
Tue Mar  7 20:26:29 EST 2023
Exception in thread "main" java.lang.OutOfMemoryError: Java heap space
	at java.base/java.lang.Double.valueOf(Double.java:632)
	at org.nlogo.agent.Patch.<init>(Patch.java:84)
	at org.nlogo.agent.World2D.createPatches(World.scala:326)
	at org.nlogo.agent.AgentManagement.createPatches(AgentManagement.scala:47)
	at org.nlogo.agent.AgentManagement.createPatches$(AgentManagement.scala:46)
	at org.nlogo.agent.World.createPatches(World.scala:107)
	at org.nlogo.headless.HeadlessWorkspace.setDimensions(HeadlessWorkspace.scala:250)
	at org.nlogo.workspace.WorldLoader.load(WorldLoader.scala:22)
	at org.nlogo.workspace.AbstractWorkspaceScala.loadWorld(AbstractWorkspaceScala.scala:91)
	at org.nlogo.headless.HeadlessModelOpener.openFromModel(HeadlessModelOpener.scala:33)
	at org.nlogo.headless.HeadlessWorkspace.openModel(HeadlessWorkspace.scala:550)
	at org.nlogo.headless.HeadlessWorkspace.open(HeadlessWorkspace.scala:517)
	at org.nlogo.api.Controllable.open(Controllable.scala:19)
	at org.nlogo.headless.Main$.newWorkspace$1(Main.scala:18)
	at org.nlogo.headless.Main$.$anonfun$runExperiment$1(Main.scala:30)
	at org.nlogo.headless.Main$$$Lambda$876/0x000000080113e850.apply(Unknown Source)
	at org.nlogo.lab.Lab.$anonfun$run$1(Lab.scala:17)
	at org.nlogo.lab.Lab.$anonfun$run$1$adapted(Lab.scala:17)
	at org.nlogo.lab.Lab$$Lambda$877/0x000000080113eb20.apply(Unknown Source)
	at scala.collection.TraversableLike.$anonfun$map$1(TraversableLike.scala:286)
	at scala.collection.TraversableLike$$Lambda$37/0x0000000800d7ad08.apply(Unknown Source)
	at scala.collection.immutable.Range.foreach(Range.scala:158)
	at scala.collection.TraversableLike.map(TraversableLike.scala:286)
	at scala.collection.TraversableLike.map$(TraversableLike.scala:279)
	at scala.collection.AbstractTraversable.map(Traversable.scala:108)
	at org.nlogo.lab.Lab.run(Lab.scala:17)
	at org.nlogo.headless.Main$.runExperiment(Main.scala:30)
	at org.nlogo.headless.Main$.$anonfun$main$1(Main.scala:12)
	at org.nlogo.headless.Main$.$anonfun$main$1$adapted(Main.scala:12)
	at org.nlogo.headless.Main$$$Lambda$7/0x0000000800cb62a8.apply(Unknown Source)
	at scala.Option.foreach(Option.scala:407)
	at org.nlogo.headless.Main$.main(Main.scala:12)
Mar 07, 2023 8:41:22 PM java.util.prefs.FileSystemPreferences syncWorld
WARNING: Couldn't flush user prefs: java.util.prefs.BackingStoreException: Couldn't get file lock.
Mar 07, 2023 10:43:25 PM java.util.prefs.FileSystemPreferences syncWorld
WARNING: Couldn't flush user prefs: java.util.prefs.BackingStoreException: Couldn't get file lock.
Mar 07, 2023 10:43:55 PM java.util.prefs.FileSystemPreferences syncWorld
WARNING: Couldn't flush user prefs: java.util.prefs.BackingStoreException: Couldn't get file lock.
Mar 07, 2023 10:44:25 PM java.util.prefs.FileSystemPreferences syncWorld
WARNING: Couldn't flush user prefs: java.util.prefs.BackingStoreException: Couldn't get file lock.
Mar 07, 2023 10:44:55 PM java.util.prefs.FileSystemPreferences syncWorld
WARNING: Couldn't flush user prefs: java.util.prefs.BackingStoreException: Couldn't get file lock.
Mar 07, 2023 10:45:25 PM java.util.prefs.FileSystemPreferences syncWorld
WARNING: Couldn't flush user prefs: java.util.prefs.BackingStoreException: Couldn't get file lock.
Mar 07, 2023 10:45:55 PM java.util.prefs.FileSystemPreferences syncWorld
WARNING: Couldn't flush user prefs: java.util.prefs.BackingStoreException: Couldn't get file lock.
Mar 07, 2023 10:46:25 PM java.util.prefs.FileSystemPreferences syncWorld
WARNING: Couldn't flush user prefs: java.util.prefs.BackingStoreException: Couldn't get file lock.
Mar 07, 2023 10:46:55 PM java.util.prefs.FileSystemPreferences syncWorld
WARNING: Couldn't flush user prefs: java.util.prefs.BackingStoreException: Couldn't get file lock.
Mar 07, 2023 10:47:25 PM java.util.prefs.FileSystemPreferences syncWorld
WARNING: Couldn't flush user prefs: java.util.prefs.BackingStoreException: Couldn't get file lock.
Mar 07, 2023 10:47:55 PM java.util.prefs.FileSystemPreferences syncWorld
WARNING: Couldn't flush user prefs: java.util.prefs.BackingStoreException: Couldn't get file lock.
Mar 07, 2023 10:48:25 PM java.util.prefs.FileSystemPreferences syncWorld
WARNING: Couldn't flush user prefs: java.util.prefs.BackingStoreException: Couldn't get file lock.
Mar 07, 2023 10:48:55 PM java.util.prefs.FileSystemPreferences syncWorld
WARNING: Couldn't flush user prefs: java.util.prefs.BackingStoreException: Couldn't get file lock.
Mar 07, 2023 10:49:25 PM java.util.prefs.FileSystemPreferences syncWorld
WARNING: Couldn't flush user prefs: java.util.prefs.BackingStoreException: Couldn't get file lock.
Mar 07, 2023 10:49:55 PM java.util.prefs.FileSystemPreferences syncWorld
WARNING: Couldn't flush user prefs: java.util.prefs.BackingStoreException: Couldn't get file lock.
Mar 07, 2023 10:50:25 PM java.util.prefs.FileSystemPreferences syncWorld
WARNING: Couldn't flush user prefs: java.util.prefs.BackingStoreException: Couldn't get file lock.
Mar 07, 2023 10:50:55 PM java.util.prefs.FileSystemPreferences syncWorld
WARNING: Couldn't flush user prefs: java.util.prefs.BackingStoreException: Couldn't get file lock.
Mar 07, 2023 10:51:25 PM java.util.prefs.FileSystemPreferences syncWorld
WARNING: Couldn't flush user prefs: java.util.prefs.BackingStoreException: Couldn't get file lock.
Mar 07, 2023 10:51:55 PM java.util.prefs.FileSystemPreferences syncWorld
WARNING: Couldn't flush user prefs: java.util.prefs.BackingStoreException: Couldn't get file lock.
Mar 07, 2023 10:52:25 PM java.util.prefs.FileSystemPreferences syncWorld
WARNING: Couldn't flush user prefs: java.util.prefs.BackingStoreException: Couldn't get file lock.
Mar 07, 2023 10:52:55 PM java.util.prefs.FileSystemPreferences syncWorld
WARNING: Couldn't flush user prefs: java.util.prefs.BackingStoreException: Couldn't get file lock.
Mar 07, 2023 10:53:25 PM java.util.prefs.FileSystemPreferences syncWorld
WARNING: Couldn't flush user prefs: java.util.prefs.BackingStoreException: Couldn't get file lock.
Mar 07, 2023 10:53:55 PM java.util.prefs.FileSystemPreferences syncWorld
WARNING: Couldn't flush user prefs: java.util.prefs.BackingStoreException: Couldn't get file lock.
Mar 07, 2023 10:54:25 PM java.util.prefs.FileSystemPreferences syncWorld
WARNING: Couldn't flush user prefs: java.util.prefs.BackingStoreException: Couldn't get file lock.
Mar 07, 2023 10:54:55 PM java.util.prefs.FileSystemPreferences syncWorld
WARNING: Couldn't flush user prefs: java.util.prefs.BackingStoreException: Couldn't get file lock.
Mar 07, 2023 10:55:25 PM java.util.prefs.FileSystemPreferences syncWorld
WARNING: Couldn't flush user prefs: java.util.prefs.BackingStoreException: Couldn't get file lock.
Mar 07, 2023 10:55:55 PM java.util.prefs.FileSystemPreferences syncWorld
WARNING: Couldn't flush user prefs: java.util.prefs.BackingStoreException: Couldn't get file lock.
Mar 07, 2023 10:56:25 PM java.util.prefs.FileSystemPreferences syncWorld
WARNING: Couldn't flush user prefs: java.util.prefs.BackingStoreException: Couldn't get file lock.
Mar 07, 2023 10:56:55 PM java.util.prefs.FileSystemPreferences syncWorld
WARNING: Couldn't flush user prefs: java.util.prefs.BackingStoreException: Couldn't get file lock.
Mar 07, 2023 10:57:25 PM java.util.prefs.FileSystemPreferences syncWorld
WARNING: Couldn't flush user prefs: java.util.prefs.BackingStoreException: Couldn't get file lock.
Mar 07, 2023 10:57:55 PM java.util.prefs.FileSystemPreferences syncWorld
WARNING: Couldn't flush user prefs: java.util.prefs.BackingStoreException: Couldn't get file lock.
Mar 07, 2023 10:58:25 PM java.util.prefs.FileSystemPreferences syncWorld
WARNING: Couldn't flush user prefs: java.util.prefs.BackingStoreException: Couldn't get file lock.
Mar 07, 2023 10:58:55 PM java.util.prefs.FileSystemPreferences syncWorld
WARNING: Couldn't flush user prefs: java.util.prefs.BackingStoreException: Couldn't get file lock.
Mar 07, 2023 10:59:25 PM java.util.prefs.FileSystemPreferences syncWorld
WARNING: Couldn't flush user prefs: java.util.prefs.BackingStoreException: Couldn't get file lock.
Mar 07, 2023 10:59:55 PM java.util.prefs.FileSystemPreferences syncWorld
WARNING: Couldn't flush user prefs: java.util.prefs.BackingStoreException: Couldn't get file lock.
Mar 07, 2023 11:00:25 PM java.util.prefs.FileSystemPreferences syncWorld
WARNING: Couldn't flush user prefs: java.util.prefs.BackingStoreException: Couldn't get file lock.
Mar 07, 2023 11:00:55 PM java.util.prefs.FileSystemPreferences syncWorld
WARNING: Couldn't flush user prefs: java.util.prefs.BackingStoreException: Couldn't get file lock.
Mar 07, 2023 11:01:25 PM java.util.prefs.FileSystemPreferences syncWorld
WARNING: Couldn't flush user prefs: java.util.prefs.BackingStoreException: Couldn't get file lock.
Mar 07, 2023 11:01:55 PM java.util.prefs.FileSystemPreferences syncWorld
WARNING: Couldn't flush user prefs: java.util.prefs.BackingStoreException: Couldn't get file lock.
Mar 07, 2023 11:02:25 PM java.util.prefs.FileSystemPreferences syncWorld
WARNING: Couldn't flush user prefs: java.util.prefs.BackingStoreException: Couldn't get file lock.
Mar 07, 2023 11:02:55 PM java.util.prefs.FileSystemPreferences syncWorld
WARNING: Couldn't flush user prefs: java.util.prefs.BackingStoreException: Couldn't get file lock.
slurmstepd: error: *** JOB 3661 ON moose1 CANCELLED AT 2023-03-08T20:26:45 DUE TO TIME LIMIT ***
