NetLogo 6.2.2
Thu Mar  2 15:41:48 EST 2023
Exception in thread "main" java.lang.OutOfMemoryError: Java heap space
	at org.nlogo.agent.World2D.createPatches(World.scala:326)
	at org.nlogo.agent.AgentManagement.createPatches(AgentManagement.scala:47)
	at org.nlogo.agent.AgentManagement.createPatches$(AgentManagement.scala:46)
	at org.nlogo.agent.World.createPatches(World.scala:107)
	at org.nlogo.headless.HeadlessWorkspace.setDimensions(HeadlessWorkspace.scala:250)
	at org.nlogo.workspace.WorldLoader.load(WorldLoader.scala:22)
	at org.nlogo.workspace.AbstractWorkspaceScala.loadWorld(AbstractWorkspaceScala.scala:91)
	at org.nlogo.headless.HeadlessModelOpener.openFromModel(HeadlessModelOpener.scala:33)
	at org.nlogo.headless.HeadlessWorkspace.openModel(HeadlessWorkspace.scala:550)
	at org.nlogo.headless.HeadlessWorkspace.open(HeadlessWorkspace.scala:517)
	at org.nlogo.api.Controllable.open(Controllable.scala:19)
	at org.nlogo.headless.Main$.newWorkspace$1(Main.scala:18)
	at org.nlogo.headless.Main$.$anonfun$runExperiment$1(Main.scala:30)
	at org.nlogo.headless.Main$$$Lambda$876/0x000000080113e210.apply(Unknown Source)
	at org.nlogo.lab.Lab.$anonfun$run$1(Lab.scala:17)
	at org.nlogo.lab.Lab.$anonfun$run$1$adapted(Lab.scala:17)
	at org.nlogo.lab.Lab$$Lambda$877/0x000000080113e4e0.apply(Unknown Source)
	at scala.collection.TraversableLike.$anonfun$map$1(TraversableLike.scala:286)
	at scala.collection.TraversableLike$$Lambda$37/0x0000000800d7ad08.apply(Unknown Source)
	at scala.collection.immutable.Range.foreach(Range.scala:158)
	at scala.collection.TraversableLike.map(TraversableLike.scala:286)
	at scala.collection.TraversableLike.map$(TraversableLike.scala:279)
	at scala.collection.AbstractTraversable.map(Traversable.scala:108)
	at org.nlogo.lab.Lab.run(Lab.scala:17)
	at org.nlogo.headless.Main$.runExperiment(Main.scala:30)
	at org.nlogo.headless.Main$.$anonfun$main$1(Main.scala:12)
	at org.nlogo.headless.Main$.$anonfun$main$1$adapted(Main.scala:12)
	at org.nlogo.headless.Main$$$Lambda$7/0x0000000800cb62a8.apply(Unknown Source)
	at scala.Option.foreach(Option.scala:407)
	at org.nlogo.headless.Main$.main(Main.scala:12)
	at org.nlogo.headless.Main.main(Main.scala)
Mar 02, 2023 4:02:07 PM java.util.prefs.FileSystemPreferences syncWorld
WARNING: Couldn't flush user prefs: java.util.prefs.BackingStoreException: Couldn't get file lock.
Mar 02, 2023 4:02:08 PM java.util.prefs.FileSystemPreferences syncWorld
WARNING: Couldn't flush user prefs: java.util.prefs.BackingStoreException: Couldn't get file lock.
Mar 02, 2023 4:02:38 PM java.util.prefs.FileSystemPreferences syncWorld
WARNING: Couldn't flush user prefs: java.util.prefs.BackingStoreException: Couldn't get file lock.
Mar 02, 2023 4:03:08 PM java.util.prefs.FileSystemPreferences syncWorld
WARNING: Couldn't flush user prefs: java.util.prefs.BackingStoreException: Couldn't get file lock.
Mar 02, 2023 4:03:38 PM java.util.prefs.FileSystemPreferences syncWorld
WARNING: Couldn't flush user prefs: java.util.prefs.BackingStoreException: Couldn't get file lock.
Mar 02, 2023 4:04:08 PM java.util.prefs.FileSystemPreferences syncWorld
WARNING: Couldn't flush user prefs: java.util.prefs.BackingStoreException: Couldn't get file lock.
Mar 02, 2023 4:04:38 PM java.util.prefs.FileSystemPreferences syncWorld
WARNING: Couldn't flush user prefs: java.util.prefs.BackingStoreException: Couldn't get file lock.
Mar 02, 2023 4:05:08 PM java.util.prefs.FileSystemPreferences syncWorld
WARNING: Couldn't flush user prefs: java.util.prefs.BackingStoreException: Couldn't get file lock.
Mar 02, 2023 4:05:38 PM java.util.prefs.FileSystemPreferences syncWorld
WARNING: Couldn't flush user prefs: java.util.prefs.BackingStoreException: Couldn't get file lock.
Mar 02, 2023 4:06:08 PM java.util.prefs.FileSystemPreferences syncWorld
WARNING: Couldn't flush user prefs: java.util.prefs.BackingStoreException: Couldn't get file lock.
Mar 02, 2023 4:06:38 PM java.util.prefs.FileSystemPreferences syncWorld
WARNING: Couldn't flush user prefs: java.util.prefs.BackingStoreException: Couldn't get file lock.
Mar 02, 2023 4:07:08 PM java.util.prefs.FileSystemPreferences syncWorld
WARNING: Couldn't flush user prefs: java.util.prefs.BackingStoreException: Couldn't get file lock.
Mar 02, 2023 4:07:38 PM java.util.prefs.FileSystemPreferences syncWorld
WARNING: Couldn't flush user prefs: java.util.prefs.BackingStoreException: Couldn't get file lock.
Mar 02, 2023 4:08:08 PM java.util.prefs.FileSystemPreferences syncWorld
WARNING: Couldn't flush user prefs: java.util.prefs.BackingStoreException: Couldn't get file lock.
Mar 02, 2023 4:08:38 PM java.util.prefs.FileSystemPreferences syncWorld
WARNING: Couldn't flush user prefs: java.util.prefs.BackingStoreException: Couldn't get file lock.
Mar 02, 2023 4:09:08 PM java.util.prefs.FileSystemPreferences syncWorld
WARNING: Couldn't flush user prefs: java.util.prefs.BackingStoreException: Couldn't get file lock.
Mar 02, 2023 4:09:38 PM java.util.prefs.FileSystemPreferences syncWorld
WARNING: Couldn't flush user prefs: java.util.prefs.BackingStoreException: Couldn't get file lock.
Mar 02, 2023 4:10:08 PM java.util.prefs.FileSystemPreferences syncWorld
WARNING: Couldn't flush user prefs: java.util.prefs.BackingStoreException: Couldn't get file lock.
Mar 02, 2023 4:10:38 PM java.util.prefs.FileSystemPreferences syncWorld
WARNING: Couldn't flush user prefs: java.util.prefs.BackingStoreException: Couldn't get file lock.
Mar 02, 2023 4:11:08 PM java.util.prefs.FileSystemPreferences syncWorld
WARNING: Couldn't flush user prefs: java.util.prefs.BackingStoreException: Couldn't get file lock.
Mar 02, 2023 4:11:38 PM java.util.prefs.FileSystemPreferences syncWorld
WARNING: Couldn't flush user prefs: java.util.prefs.BackingStoreException: Couldn't get file lock.
slurmstepd: error: *** JOB 3645 ON moose1 CANCELLED AT 2023-03-03T15:42:01 DUE TO TIME LIMIT ***
