NetLogo 6.2.2
Sun Mar 26 18:07:58 EDT 2023
Exception in thread "main" TO or TO-REPORT expected at position 13978 in 
	at org.nlogo.core.Fail$.exception(Fail.scala:27)
	at org.nlogo.core.Fail$.exception(Fail.scala:25)
	at org.nlogo.core.Fail$.exception(Fail.scala:23)
	at org.nlogo.parse.StructureParser.parse(StructureParser.scala:187)
	at org.nlogo.parse.StructureParser$.parseOne(StructureParser.scala:88)
	at org.nlogo.parse.StructureParser$.$anonfun$parseSources$2(StructureParser.scala:38)
	at scala.collection.TraversableOnce$folder$1.apply(TraversableOnce.scala:196)
	at scala.collection.TraversableOnce$folder$1.apply(TraversableOnce.scala:194)
	at scala.collection.immutable.Map$Map1.foreach(Map.scala:193)
	at scala.collection.TraversableOnce.foldLeft(TraversableOnce.scala:199)
	at scala.collection.TraversableOnce.foldLeft$(TraversableOnce.scala:192)
	at scala.collection.AbstractTraversable.foldLeft(Traversable.scala:108)
	at org.nlogo.parse.StructureParser$.$anonfun$parseSources$1(StructureParser.scala:36)
	at org.nlogo.parse.StructureParser$.parsingWithExtensions(StructureParser.scala:66)
	at org.nlogo.parse.StructureParser$.parseSources(StructureParser.scala:33)
	at org.nlogo.parse.NetLogoParser.basicParse(NetLogoParser.scala:17)
	at org.nlogo.parse.NetLogoParser.basicParse$(NetLogoParser.scala:15)
	at org.nlogo.parse.FrontEnd$.basicParse(FrontEnd.scala:10)
	at org.nlogo.parse.FrontEndMain.frontEnd(FrontEnd.scala:26)
	at org.nlogo.parse.FrontEndMain.frontEnd$(FrontEnd.scala:25)
	at org.nlogo.parse.FrontEnd$.frontEnd(FrontEnd.scala:10)
	at org.nlogo.compile.CompilerMain$.compile(CompilerMain.scala:47)
	at org.nlogo.compile.Compiler.compileProgram(Compiler.scala:54)
	at org.nlogo.headless.HeadlessModelOpener.openFromModel(HeadlessModelOpener.scala:50)
	at org.nlogo.headless.HeadlessWorkspace.openModel(HeadlessWorkspace.scala:550)
	at org.nlogo.headless.HeadlessWorkspace.open(HeadlessWorkspace.scala:517)
	at org.nlogo.api.Controllable.open(Controllable.scala:19)
	at org.nlogo.headless.Main$.newWorkspace$1(Main.scala:18)
	at org.nlogo.headless.Main$.runExperiment(Main.scala:21)
	at org.nlogo.headless.Main$.$anonfun$main$1(Main.scala:12)
	at org.nlogo.headless.Main$.$anonfun$main$1$adapted(Main.scala:12)
	at scala.Option.foreach(Option.scala:407)
	at org.nlogo.headless.Main$.main(Main.scala:12)
	at org.nlogo.headless.Main.main(Main.scala)
slurmstepd: error: *** JOB 3799 ON rocky4 CANCELLED AT 2023-03-27T18:08:15 DUE TO TIME LIMIT ***
